{"timestamp": "2026-06-10T21:01:20.555013Z", "name": "ak", "number": "9034081638", "text": "helloo", "status": "MATCH", "date": "10/6/2026", "time": "2:01:20 pm", "extra": ""}
{"timestamp": "2026-06-10T21:06:36.138498Z", "name": "Education", "number": "9034081638", "text": "Hlo", "status": "MATCH", "date": "10/6/2026", "time": "2:06:36 pm", "extra": ""}
{"timestamp": "2026-06-10T21:07:32.612136Z", "name": "Education", "number": "9803121681", "text": "Not install sir", "status": "MATCH", "date": "10/6/2026", "time": "2:07:32 pm", "extra": ""}
{"timestamp": "2026-06-11T05:55:18.053608Z", "name": "KALINGA UNIVERSITY", "number": "9992997056", "text": "Hello", "status": "MATCH", "date": "11/6/2026", "time": "11:25:17 am", "extra": ""}
{"timestamp": "2026-06-11T06:39:21.358563Z", "name": "Education", "number": "9992997056", "text": "Hello", "status": "MATCH", "date": "11/6/2026", "time": "12:09:21 pm", "extra": ""}
{"timestamp": "2026-06-11T06:40:20.735102Z", "name": "KALINGA UNIVERSITY", "number": "9992997056", "text": "Yh", "status": "MATCH", "date": "11/6/2026", "time": "12:10:20 pm", "extra": ""}
{"timestamp": "2026-06-11T06:41:17.283777Z", "name": "Education", "number": "9992997056", "text": "Hlo", "status": "MATCH", "date": "11/6/2026", "time": "12:11:17 pm", "extra": ""}
{"timestamp": "2026-06-11T06:41:31.054487Z", "name": "KALINGA UNIVERSITY", "number": "9992997050", "text": "Hlo", "status": "MATCH", "date": "11/6/2026", "time": "12:11:31 pm", "extra": ""}
{"timestamp": "2026-06-11T06:42:16.289792Z", "name": "KALINGA UNIVERSITY", "number": "9992997050", "text": "Jloo", "status": "MATCH", "date": "11/6/2026", "time": "12:12:16 pm", "extra": ""}
{"timestamp": "2026-06-11T06:42:25.245967Z", "name": "Education", "number": "9992997056", "text": "Hko", "status": "MATCH", "date": "11/6/2026", "time": "12:12:25 pm", "extra": ""}
{"timestamp": "2026-06-11T06:58:17.024079Z", "name": "KALINGA UNIVERSITY", "number": "9992997050", "text": "Hmmmm", "status": "MATCH", "date": "11/6/2026", "time": "12:28:16 pm", "extra": ""}
{"timestamp": "2026-06-11T06:58:31.668261Z", "name": "Education", "number": "9992997056", "text": "hleo", "status": "MATCH", "date": "11/6/2026", "time": "12:28:31 pm", "extra": ""}
{"timestamp": "2026-06-11T07:00:27.769832Z", "name": "KALINGA UNIVERSITY", "number": "9050475444", "text": "Ch", "status": "MATCH", "date": "11/6/2026", "time": "12:30:27 pm", "extra": ""}
{"timestamp": "2026-06-11T07:06:12.923321Z", "name": "KALINGA UNIVERSITY", "number": "9992997056", "text": "Hloo", "status": "MATCH", "date": "11/6/2026", "time": "12:36:12 pm", "extra": ""}
{"timestamp": "2026-06-11T07:07:58.285311Z", "name": "Education", "number": "9992997056", "text": "hello", "status": "MATCH", "date": "11/6/2026", "time": "12:37:58 pm", "extra": ""}
{"timestamp": "2026-06-11T07:08:30.732143Z", "name": "KALINGA UNIVERSITY", "number": "9050475444", "text": "Wrong", "status": "MATCH", "date": "11/6/2026", "time": "12:38:30 pm", "extra": ""}
{"timestamp": "2026-06-11T07:13:49.233236Z", "name": "Education", "number": "9992997056", "text": "hello", "status": "MATCH", "date": "11/6/2026", "time": "12:43:49 pm", "extra": ""}
{"timestamp": "2026-06-11T07:14:06.844602Z", "name": "KALINGA UNIVERSITY", "number": "9050475444", "text": "Glti se chla gya", "status": "MATCH", "date": "11/6/2026", "time": "12:44:06 pm", "extra": ""}
{"timestamp": "2026-06-11T07:20:26.694926Z", "name": "Education", "number": "9992997056", "text": "helllooo", "status": "MATCH", "date": "11/6/2026", "time": "12:50:25 pm", "extra": ""}
{"timestamp": "2026-06-11T07:21:39.220510Z", "name": "Education", "number": "9992997056", "text": "dfg", "status": "MATCH", "date": "11/6/2026", "time": "12:51:39 pm", "extra": ""}
{"timestamp": "2026-06-11T07:21:58.388897Z", "name": "KALINGA UNIVERSITY", "number": "9992997050", "text": "Jdj", "status": "MATCH", "date": "11/6/2026", "time": "12:51:58 pm", "extra": ""}
{"timestamp": "2026-06-11T07:28:20.461315Z", "name": "Education", "number": "9992997056", "text": "hello", "status": "MATCH", "date": "11/6/2026", "time": "12:58:20 pm", "extra": ""}
{"timestamp": "2026-06-11T07:28:34.162054Z", "name": "KALINGA UNIVERSITY", "number": "9992997050", "text": "Fgh", "status": "MATCH", "date": "11/6/2026", "time": "12:58:34 pm", "extra": ""}
{"timestamp": "2026-06-11T07:29:33.851874Z", "name": "Education", "number": "9992997056", "text": "hlo", "status": "MATCH", "date": "11/6/2026", "time": "12:59:33 pm", "extra": ""}
{"timestamp": "2026-06-11T07:29:44.328735Z", "name": "KALINGA UNIVERSITY", "number": "9992997050", "text": "Gg", "status": "MATCH", "date": "11/6/2026", "time": "12:59:44 pm", "extra": ""}
{"timestamp": "2026-06-11T07:36:56.813190Z", "name": "Education", "number": "9992997056", "text": "hlo", "status": "MATCH", "date": "11/6/2026", "time": "1:06:56 pm", "extra": ""}
{"timestamp": "2026-06-11T07:37:05.640627Z", "name": "KALINGA UNIVERSITY", "number": "9992997050", "text": "Cv", "status": "MATCH", "date": "11/6/2026", "time": "1:07:05 pm", "extra": ""}
{"timestamp": "2026-06-11T07:42:50.586303Z", "name": "Education", "number": "9992997056", "text": "hjio", "status": "MATCH", "date": "11/6/2026", "time": "1:12:50 pm", "extra": ""}
{"timestamp": "2026-06-11T07:42:59.320642Z", "name": "KALINGA UNIVERSITY", "number": "9992997050", "text": "Xfy", "status": "MATCH", "date": "11/6/2026", "time": "1:12:59 pm", "extra": ""}
